2026-04-04 15:10:54   The following farfield monitor(s) have been adjusted to model box [-12.1161,
                      12.1161, -58.7909, 58.7909, -6.68688, 153.116]:
                        farfield (f=1.42).
                      For further information please check the page "Special Solver Parameters -
                      Solver" in the Online Help.

                      ------------------------------------------------------------------------------
2026-04-04 15:10:54   According to the selected features the <Time Domain Solver (HEX)> will be
                      started.

                      ------------------------------------------------------------------------------
2026-04-04 15:10:55   
                      Solver started at: 2026-04-04 15:10:55 +0200

                        Module:  Time Domain: S-Parameter (Win 64)
                        Version: 2025.0 Release from 2024-08-30 (change 1315043)

2026-04-04 15:10:55   

                      ------------------------------------------------------------------------------
2026-04-04 15:10:55   Hardware Accelerator Device infos:
                      - The environment variable CST_HWACC_ALLOW_UNVERIFIED_HARDWARE is set to allow all GPUs. Please consider to set 
                      CUDA_VISIBLE_DEVICES to limit the available devices.
                      - CUDA_MODULE_LOADING is set to: LAZY


                      ------------------------------------------------------------------------------
2026-04-04 15:10:55   ======================================================================
                       Solver cycle: 1
                      ======================================================================

                      Stimulation at discrete port 1 



                      ------------------------------------------------------------------------------
2026-04-04 15:10:55   Units settings: 

                        Dimensions: mm
                        Frequency:  GHz
                        Time:       ns

                      ------------------------------------------------------------------------------
2026-04-04 15:10:55   The dispersive material update [Automatic] will be performed using the "Standard" update schema

                      ------------------------------------------------------------------------------
2026-04-04 15:11:21   The following discrete edge port is connected to metal material:
                      	1

                      ------------------------------------------------------------------------------
2026-04-04 15:11:21   Mesh statistics:

                         Hexahedral mesh type: Perfect Boundary Approximation (PBA)
                            Version: default

                         Parallelization type: domain decomposition
                            Number of parallel working threads: 14
                            Number of calculation domains used: 24

                         Used point accuracy enhancement value: 0.00%.
                         Acceleration mode @ parallelization-node 0: CPU [requested GPU]
                         Total valid GPU count:0
                         PBA fill limit: 92.28% (inverse)
                         Acceleration mode @ parallelization-node 1: CPU [requested GPU]
2026-04-04 15:10:59      current system memory usage reached 55%
                         Acceleration mode @ parallelization-node 2: CPU [requested GPU]
                         Acceleration mode @ parallelization-node 3: CPU [requested GPU]
                         Acceleration mode @ parallelization-node 4: CPU [requested GPU]
                         Acceleration mode @ parallelization-node 5: CPU [requested GPU]
                         Acceleration mode @ parallelization-node 6: CPU [requested GPU]
                         Acceleration mode @ parallelization-node 7: CPU [requested GPU]
                         Acceleration mode @ parallelization-node 8: CPU [requested GPU]
                         Acceleration mode @ parallelization-node 9: CPU [requested GPU]
                         Acceleration mode @ parallelization-node 10: CPU [requested GPU]
                         Acceleration mode @ parallelization-node 11: CPU [requested GPU]
                         Acceleration mode @ parallelization-node 12: CPU [requested GPU]
                         Acceleration mode @ parallelization-node 13: CPU [requested GPU]
                         Acceleration mode @ parallelization-node 14: CPU [requested GPU]
                         Acceleration mode @ parallelization-node 15: CPU [requested GPU]
                         Acceleration mode @ parallelization-node 16: CPU [requested GPU]
                         Acceleration mode @ parallelization-node 17: CPU [requested GPU]
                         Acceleration mode @ parallelization-node 18: CPU [requested GPU]
                         Acceleration mode @ parallelization-node 19: CPU [requested GPU]
                         Acceleration mode @ parallelization-node 20: CPU [requested GPU]
                         Acceleration mode @ parallelization-node 21: CPU [requested GPU]
                         Acceleration mode @ parallelization-node 22: CPU [requested GPU]
                         Acceleration mode @ parallelization-node 23: CPU [requested GPU]

2026-04-04 15:11:26   Boundary conditions: 

                        YZsymmetry: none
                        XZsymmetry: none
                        XYsymmetry: none

                        Xmin: expanded open, 4 Layer, depth 45.0726 mm
                        Xmax: expanded open, 4 Layer, depth 45.0726 mm

                        Ymin: expanded open, 4 Layer, depth 42.7743 mm
                        Ymax: expanded open, 4 Layer, depth 42.7743 mm

                        Zmin: expanded open, 4 Layer, depth 48.072 mm
                        Zmax: expanded open, 4 Layer, depth 45.0726 mm

                        PML-Type: Convolution PML

                      ------------------------------------------------------------------------------
2026-04-04 15:11:26   Frequency settings: 

                        Fmin:         1.3
                        Fmax:         1.6
                        Nfsteps(lin): 1001

                      ------------------------------------------------------------------------------
2026-04-04 15:11:26   Field update statistics:

                        Number of components in total: 	3155212
                        Number of lossy metal components:	17376
                        Number of disp. elements:		118355

                      Subcycling state:      			Automatically deactivated

                      ------------------------------------------------------------------------------
2026-04-04 15:11:26   Port: 1

2026-04-04 15:11:26     Discrete element, reference impedance = 50 Ohm

                      ------------------------------------------------------------------------------
2026-04-04 15:11:26   far field monitors are calculated on GPU

                      ------------------------------------------------------------------------------
2026-04-04 15:11:26   3D freq. monitors are calculated on GPU

                      ------------------------------------------------------------------------------
2026-04-04 15:11:26   Feature memory distribution of used GPU RAM:
                      	 42 %	 core model
                      	 26 %	 3D freq. monitors
                      	 24 %	 open boundary
                      	  4 %	 disp. materials
                      	  2 %	 farfield monitors
                      	  2 %	 lossy metal
                      	  0 %	 lossy metal power loss monitors


                      ------------------------------------------------------------------------------
2026-04-04 15:11:31   Synchronous communication is used for GPU Computing.

                      ------------------------------------------------------------------------------
2026-04-04 15:13:07   
                      --------------------------------------------------------------------------------
2026-04-04 15:13:07   Steady state energy criterion met, solver finished successfully.

                      ------------------------------------------------------------------------------
2026-04-04 15:13:07   Frequency domain results normalized to default signal.


                      ------------------------------------------------------------------------------
2026-04-04 15:13:07   
                        ----------------------------------------------------------------------------
                                            Peak memory used (kB)         Free physical memory (kB) 
                                                                          At begin     Minimum      
                        ----------------------------------------------------------------------------
                        CAD preparation     13744                         8168148      8168148      
                        Matrices calc.      533420                        8147460      7542968      
                        Solver run total    316272                        8193696      7600028      
                        ----------------------------------------------------------------------------

                      --------------------------------------------------------------------------------
                      Solver Statistics:

                        Hardware:
                           Computer name:                 	DESKTOP-B4HVLO6 

                           Number of CPU threads:               8
                           hardware type:                  	1 OpenCL GPU solver, gfx1012:xnack-
                           GPU memory usage:            	  approx. 5 %

                        Number of mesh cells:             	514080
                        Excitation duration:              	2.36969917e+001 ns 
                        Calculation time for excitation:  	0 	s
                        Number of calculated pulse widths:	1.00672 
                        Steady state accuracy limit:      	-40	dB 
                        Simulated number of time steps:   	25185 
                        Maximum number of time steps:     	500338 
                        Time step width:
                           without subcycles:             	9.472382271e-004 ns
                           used:                          	9.472382271e-004 ns

                        CAD preparation time:             	0      	s
                        Matrix calculation time:          	28 	s
                        Solver setup time:                	7 	s
                        Solver loop time:                 	93 	s
                        Solver post-processing time:      	1 	s
                                                          	------------
                        Total solver time:                	129 	s  ( = 0 h, 2 m, 9 s )

                      ------------------------------------------------------------------------------
2026-04-04 15:13:07   
                        Total solver time (all cycles):      	129    	s  ( = 0 h, 2 m, 9 s )
                        Solver initialization and clean-up:  	3      	s
                                                             	------------
                        Total simulation time:               	132    	s  ( = 0 h, 2 m, 12 s )

                      ------------------------------------------------------------------------------
2026-04-04 15:13:07   Solver finished at: 2026-04-04 15:13:07 +0200



                      ------------------------------------------------------------------------------
2026-04-04 15:13:08   Creating parametric 1D results for Run ID 10

                      ------------------------------------------------------------------------------
